{
  "RSpec": {
    "coverage": {
      "/Users/adrianstainforth/sites/dragon_argent_2/app/helpers/admin_helper.rb": [
        null,
        null,
        1,
        null
      ],
      "/Users/adrianstainforth/sites/dragon_argent_2/app/helpers/application_helper.rb": [
        null,
        null,
        1,
        1,
        0,
        0,
        null,
        0,
        null,
        null,
        1,
        0,
        0,
        0,
        null,
        null,
        1,
        null,
        1,
        null,
        0,
        null,
        null,
        null,
        null,
        null,
        1,
        0,
        null,
        null,
        null,
        null
      ],
      "/Users/adrianstainforth/sites/dragon_argent_2/app/helpers/home_helper.rb": [
        null,
        null,
        1,
        null
      ],
      "/Users/adrianstainforth/sites/dragon_argent_2/app/controllers/home_controller.rb": [
        null,
        null,
        1,
        1,
        null
      ],
      "/Users/adrianstainforth/sites/dragon_argent_2/app/controllers/application_controller.rb": [
        null,
        null,
        1,
        null
      ]
    },
    "timestamp": 1549544631
  }
}
